{"/Users/hung.phamtan/Documents/sources/ReactNative/react-native-practice1/jest/setup.js": {"path":"/Users/hung.phamtan/Documents/sources/ReactNative/react-native-practice1/jest/setup.js","statementMap":{"0":{"start":{"line":1,"column":0},"end":{"line":9,"column":2}},"1":{"start":{"line":2,"column":2},"end":{"line":8,"column":3}}},"fnMap":{"0":{"name":"(anonymous_0)","decl":{"start":{"line":1,"column":21},"end":{"line":1,"column":22}},"loc":{"start":{"line":1,"column":27},"end":{"line":9,"column":1}}}},"branchMap":{},"s":{"0":3,"1":1},"f":{"0":1},"b":{},"_coverageSchema":"332fd63041d2c1bcb487cc26dd0d5f7d97098a6c","hash":"8edbcdaa5a3c0e56d678cbba20429f9548ee949b"}
,"/Users/hung.phamtan/Documents/sources/ReactNative/react-native-practice1/src/components/CircleImageView/CircleImageView.js": {"path":"/Users/hung.phamtan/Documents/sources/ReactNative/react-native-practice1/src/components/CircleImageView/CircleImageView.js","statementMap":{"0":{"start":{"line":13,"column":4},"end":{"line":20,"column":6}},"1":{"start":{"line":24,"column":15},"end":{"line":37,"column":2}}},"fnMap":{"0":{"name":"(anonymous_0)","decl":{"start":{"line":12,"column":2},"end":{"line":12,"column":3}},"loc":{"start":{"line":12,"column":11},"end":{"line":21,"column":3}}}},"branchMap":{},"s":{"0":1,"1":2},"f":{"0":1},"b":{},"_coverageSchema":"332fd63041d2c1bcb487cc26dd0d5f7d97098a6c","hash":"42e7312ee264cbdfd13f55b9cb8ba60868909f97"}
,"/Users/hung.phamtan/Documents/sources/ReactNative/react-native-practice1/src/components/CustomTextInput/CustomTextInput.js": {"path":"/Users/hung.phamtan/Documents/sources/ReactNative/react-native-practice1/src/components/CustomTextInput/CustomTextInput.js","statementMap":{"0":{"start":{"line":18,"column":4},"end":{"line":32,"column":6}},"1":{"start":{"line":36,"column":0},"end":{"line":38,"column":2}},"2":{"start":{"line":40,"column":15},"end":{"line":56,"column":2}}},"fnMap":{"0":{"name":"(anonymous_0)","decl":{"start":{"line":17,"column":2},"end":{"line":17,"column":3}},"loc":{"start":{"line":17,"column":11},"end":{"line":33,"column":3}}}},"branchMap":{"0":{"loc":{"start":{"line":29,"column":32},"end":{"line":29,"column":110}},"type":"cond-expr","locations":[{"start":{"line":29,"column":66},"end":{"line":29,"column":97}},{"start":{"line":29,"column":99},"end":{"line":29,"column":110}}]}},"s":{"0":2,"1":2,"2":2},"f":{"0":2},"b":{"0":[1,1]},"_coverageSchema":"332fd63041d2c1bcb487cc26dd0d5f7d97098a6c","hash":"1369f762809d2bf60619e63ad5c9225d7e539fe7"}
,"/Users/hung.phamtan/Documents/sources/ReactNative/react-native-practice1/src/config/applicationStyle.js": {"path":"/Users/hung.phamtan/Documents/sources/ReactNative/react-native-practice1/src/config/applicationStyle.js","statementMap":{"0":{"start":{"line":8,"column":26},"end":{"line":59,"column":1}}},"fnMap":{},"branchMap":{},"s":{"0":2},"f":{},"b":{},"_coverageSchema":"332fd63041d2c1bcb487cc26dd0d5f7d97098a6c","hash":"b7b42ea6830b411d93b166deed5e54cfa0fd9115"}
,"/Users/hung.phamtan/Documents/sources/ReactNative/react-native-practice1/src/config/colors.js": {"path":"/Users/hung.phamtan/Documents/sources/ReactNative/react-native-practice1/src/config/colors.js","statementMap":{"0":{"start":{"line":1,"column":15},"end":{"line":15,"column":1}}},"fnMap":{},"branchMap":{},"s":{"0":2},"f":{},"b":{},"_coverageSchema":"332fd63041d2c1bcb487cc26dd0d5f7d97098a6c","hash":"d89e8c7c469b68f0cf7a11390f1c415ac89a795a"}
,"/Users/hung.phamtan/Documents/sources/ReactNative/react-native-practice1/src/config/metrics.js": {"path":"/Users/hung.phamtan/Documents/sources/ReactNative/react-native-practice1/src/config/metrics.js","statementMap":{"0":{"start":{"line":6,"column":24},"end":{"line":6,"column":48}},"1":{"start":{"line":8,"column":16},"end":{"line":39,"column":1}}},"fnMap":{},"branchMap":{"0":{"loc":{"start":{"line":17,"column":15},"end":{"line":17,"column":46}},"type":"cond-expr","locations":[{"start":{"line":17,"column":32},"end":{"line":17,"column":37}},{"start":{"line":17,"column":40},"end":{"line":17,"column":46}}]},"1":{"loc":{"start":{"line":18,"column":16},"end":{"line":18,"column":47}},"type":"cond-expr","locations":[{"start":{"line":18,"column":33},"end":{"line":18,"column":39}},{"start":{"line":18,"column":42},"end":{"line":18,"column":47}}]},"2":{"loc":{"start":{"line":19,"column":16},"end":{"line":19,"column":49}},"type":"cond-expr","locations":[{"start":{"line":19,"column":42},"end":{"line":19,"column":44}},{"start":{"line":19,"column":47},"end":{"line":19,"column":49}}]}},"s":{"0":2,"1":2},"f":{},"b":{"0":[2,0],"1":[2,0],"2":[2,0]},"_coverageSchema":"332fd63041d2c1bcb487cc26dd0d5f7d97098a6c","hash":"d4eb901878f6d1ef5a3213c2661fda411c69bd03"}
,"/Users/hung.phamtan/Documents/sources/ReactNative/react-native-practice1/src/containers/SignIn.js": {"path":"/Users/hung.phamtan/Documents/sources/ReactNative/react-native-practice1/src/containers/SignIn.js","statementMap":{"0":{"start":{"line":30,"column":4},"end":{"line":30,"column":17}},"1":{"start":{"line":31,"column":4},"end":{"line":34,"column":6}},"2":{"start":{"line":36,"column":4},"end":{"line":36,"column":53}},"3":{"start":{"line":37,"column":4},"end":{"line":37,"column":53}},"4":{"start":{"line":41,"column":4},"end":{"line":44,"column":7}},"5":{"start":{"line":48,"column":4},"end":{"line":48,"column":21}},"6":{"start":{"line":52,"column":4},"end":{"line":59,"column":5}},"7":{"start":{"line":53,"column":6},"end":{"line":58,"column":10}},"8":{"start":{"line":60,"column":4},"end":{"line":66,"column":8}},"9":{"start":{"line":70,"column":4},"end":{"line":72,"column":5}},"10":{"start":{"line":71,"column":6},"end":{"line":71,"column":75}},"11":{"start":{"line":73,"column":4},"end":{"line":115,"column":6}},"12":{"start":{"line":85,"column":38},"end":{"line":85,"column":69}},"13":{"start":{"line":90,"column":38},"end":{"line":90,"column":69}},"14":{"start":{"line":119,"column":0},"end":{"line":124,"column":2}},"15":{"start":{"line":128,"column":2},"end":{"line":132,"column":3}},"16":{"start":{"line":137,"column":2},"end":{"line":139,"column":3}},"17":{"start":{"line":138,"column":32},"end":{"line":138,"column":64}},"18":{"start":{"line":141,"column":24},"end":{"line":144,"column":9}},"19":{"start":{"line":147,"column":13},"end":{"line":186,"column":2}}},"fnMap":{"0":{"name":"(anonymous_0)","decl":{"start":{"line":29,"column":2},"end":{"line":29,"column":3}},"loc":{"start":{"line":29,"column":21},"end":{"line":38,"column":3}}},"1":{"name":"(anonymous_1)","decl":{"start":{"line":40,"column":2},"end":{"line":40,"column":3}},"loc":{"start":{"line":40,"column":17},"end":{"line":45,"column":3}}},"2":{"name":"(anonymous_2)","decl":{"start":{"line":47,"column":2},"end":{"line":47,"column":3}},"loc":{"start":{"line":47,"column":17},"end":{"line":49,"column":3}}},"3":{"name":"(anonymous_3)","decl":{"start":{"line":51,"column":2},"end":{"line":51,"column":3}},"loc":{"start":{"line":51,"column":25},"end":{"line":67,"column":3}}},"4":{"name":"(anonymous_4)","decl":{"start":{"line":69,"column":2},"end":{"line":69,"column":3}},"loc":{"start":{"line":69,"column":11},"end":{"line":116,"column":3}}},"5":{"name":"(anonymous_5)","decl":{"start":{"line":85,"column":28},"end":{"line":85,"column":29}},"loc":{"start":{"line":85,"column":38},"end":{"line":85,"column":69}}},"6":{"name":"(anonymous_6)","decl":{"start":{"line":90,"column":28},"end":{"line":90,"column":29}},"loc":{"start":{"line":90,"column":38},"end":{"line":90,"column":69}}},"7":{"name":"mapStateToProps","decl":{"start":{"line":127,"column":9},"end":{"line":127,"column":24}},"loc":{"start":{"line":127,"column":32},"end":{"line":133,"column":1}}},"8":{"name":"mapDispatchToProps","decl":{"start":{"line":136,"column":9},"end":{"line":136,"column":27}},"loc":{"start":{"line":136,"column":38},"end":{"line":140,"column":1}}},"9":{"name":"(anonymous_9)","decl":{"start":{"line":138,"column":11},"end":{"line":138,"column":12}},"loc":{"start":{"line":138,"column":32},"end":{"line":138,"column":64}}}},"branchMap":{"0":{"loc":{"start":{"line":52,"column":4},"end":{"line":59,"column":5}},"type":"if","locations":[{"start":{"line":52,"column":4},"end":{"line":59,"column":5}},{"start":{"line":52,"column":4},"end":{"line":59,"column":5}}]},"1":{"loc":{"start":{"line":70,"column":4},"end":{"line":72,"column":5}},"type":"if","locations":[{"start":{"line":70,"column":4},"end":{"line":72,"column":5}},{"start":{"line":70,"column":4},"end":{"line":72,"column":5}}]}},"s":{"0":0,"1":0,"2":0,"3":0,"4":0,"5":0,"6":0,"7":0,"8":0,"9":0,"10":0,"11":0,"12":0,"13":0,"14":1,"15":1,"16":1,"17":0,"18":1,"19":1},"f":{"0":0,"1":0,"2":0,"3":0,"4":0,"5":0,"6":0,"7":1,"8":1,"9":0},"b":{"0":[0,0],"1":[0,0]},"_coverageSchema":"332fd63041d2c1bcb487cc26dd0d5f7d97098a6c","hash":"b06af1c993622b4af7fd21a77be0f74c83902681"}
,"/Users/hung.phamtan/Documents/sources/ReactNative/react-native-practice1/src/network/AuthenticationService.js": {"path":"/Users/hung.phamtan/Documents/sources/ReactNative/react-native-practice1/src/network/AuthenticationService.js","statementMap":{"0":{"start":{"line":1,"column":17},"end":{"line":1,"column":57}},"1":{"start":{"line":6,"column":14},"end":{"line":6,"column":41}},"2":{"start":{"line":7,"column":4},"end":{"line":7,"column":64}},"3":{"start":{"line":11,"column":14},"end":{"line":11,"column":44}},"4":{"start":{"line":12,"column":4},"end":{"line":12,"column":63}},"5":{"start":{"line":16,"column":22},"end":{"line":16,"column":35}},"6":{"start":{"line":17,"column":2},"end":{"line":17,"column":59}},"7":{"start":{"line":18,"column":2},"end":{"line":18,"column":43}},"8":{"start":{"line":19,"column":4},"end":{"line":23,"column":5}},"9":{"start":{"line":20,"column":6},"end":{"line":22,"column":7}},"10":{"start":{"line":21,"column":8},"end":{"line":21,"column":48}},"11":{"start":{"line":25,"column":15},"end":{"line":28,"column":3}},"12":{"start":{"line":29,"column":4},"end":{"line":31,"column":5}},"13":{"start":{"line":30,"column":6},"end":{"line":30,"column":44}},"14":{"start":{"line":32,"column":16},"end":{"line":32,"column":32}},"15":{"start":{"line":33,"column":2},"end":{"line":47,"column":9}},"16":{"start":{"line":35,"column":8},"end":{"line":37,"column":9}},"17":{"start":{"line":36,"column":10},"end":{"line":36,"column":33}},"18":{"start":{"line":38,"column":27},"end":{"line":38,"column":57}},"19":{"start":{"line":39,"column":8},"end":{"line":39,"column":38}},"20":{"start":{"line":42,"column":8},"end":{"line":46,"column":9}},"21":{"start":{"line":43,"column":10},"end":{"line":43,"column":45}},"22":{"start":{"line":45,"column":10},"end":{"line":45,"column":26}}},"fnMap":{"0":{"name":"(anonymous_0)","decl":{"start":{"line":5,"column":2},"end":{"line":5,"column":3}},"loc":{"start":{"line":5,"column":33},"end":{"line":8,"column":3}}},"1":{"name":"(anonymous_1)","decl":{"start":{"line":10,"column":2},"end":{"line":10,"column":3}},"loc":{"start":{"line":10,"column":26},"end":{"line":13,"column":3}}},"2":{"name":"(anonymous_2)","decl":{"start":{"line":15,"column":1},"end":{"line":15,"column":2}},"loc":{"start":{"line":15,"column":37},"end":{"line":48,"column":2}}},"3":{"name":"(anonymous_3)","decl":{"start":{"line":34,"column":12},"end":{"line":34,"column":13}},"loc":{"start":{"line":34,"column":24},"end":{"line":40,"column":7}}},"4":{"name":"(anonymous_4)","decl":{"start":{"line":41,"column":12},"end":{"line":41,"column":13}},"loc":{"start":{"line":41,"column":24},"end":{"line":47,"column":7}}}},"branchMap":{"0":{"loc":{"start":{"line":20,"column":6},"end":{"line":22,"column":7}},"type":"if","locations":[{"start":{"line":20,"column":6},"end":{"line":22,"column":7}},{"start":{"line":20,"column":6},"end":{"line":22,"column":7}}]},"1":{"loc":{"start":{"line":29,"column":4},"end":{"line":31,"column":5}},"type":"if","locations":[{"start":{"line":29,"column":4},"end":{"line":31,"column":5}},{"start":{"line":29,"column":4},"end":{"line":31,"column":5}}]},"2":{"loc":{"start":{"line":35,"column":8},"end":{"line":37,"column":9}},"type":"if","locations":[{"start":{"line":35,"column":8},"end":{"line":37,"column":9}},{"start":{"line":35,"column":8},"end":{"line":37,"column":9}}]},"3":{"loc":{"start":{"line":42,"column":8},"end":{"line":46,"column":9}},"type":"if","locations":[{"start":{"line":42,"column":8},"end":{"line":46,"column":9}},{"start":{"line":42,"column":8},"end":{"line":46,"column":9}}]}},"s":{"0":1,"1":0,"2":0,"3":0,"4":0,"5":0,"6":0,"7":0,"8":0,"9":0,"10":0,"11":0,"12":0,"13":0,"14":0,"15":0,"16":0,"17":0,"18":0,"19":0,"20":0,"21":0,"22":0},"f":{"0":0,"1":0,"2":0,"3":0,"4":0},"b":{"0":[0,0],"1":[0,0],"2":[0,0],"3":[0,0]},"_coverageSchema":"332fd63041d2c1bcb487cc26dd0d5f7d97098a6c","hash":"7e61c42b266f33a6a2216558c6de457b495308c3"}
,"/Users/hung.phamtan/Documents/sources/ReactNative/react-native-practice1/src/redux/signin.js": {"path":"/Users/hung.phamtan/Documents/sources/ReactNative/react-native-practice1/src/redux/signin.js","statementMap":{"0":{"start":{"line":6,"column":16},"end":{"line":6,"column":25}},"1":{"start":{"line":7,"column":16},"end":{"line":7,"column":25}},"2":{"start":{"line":8,"column":16},"end":{"line":8,"column":24}},"3":{"start":{"line":14,"column":1},"end":{"line":16,"column":3}},"4":{"start":{"line":20,"column":1},"end":{"line":23,"column":3}},"5":{"start":{"line":27,"column":1},"end":{"line":30,"column":3}},"6":{"start":{"line":36,"column":29},"end":{"line":39,"column":1}},"7":{"start":{"line":42,"column":2},"end":{"line":65,"column":3}},"8":{"start":{"line":44,"column":3},"end":{"line":48,"column":5}},"9":{"start":{"line":50,"column":3},"end":{"line":55,"column":5}},"10":{"start":{"line":57,"column":3},"end":{"line":57,"column":29}},"11":{"start":{"line":58,"column":3},"end":{"line":62,"column":5}},"12":{"start":{"line":64,"column":6},"end":{"line":64,"column":19}},"13":{"start":{"line":72,"column":2},"end":{"line":82,"column":4}},"14":{"start":{"line":73,"column":4},"end":{"line":73,"column":29}},"15":{"start":{"line":74,"column":4},"end":{"line":81,"column":7}},"16":{"start":{"line":76,"column":8},"end":{"line":76,"column":44}},"17":{"start":{"line":79,"column":6},"end":{"line":79,"column":90}},"18":{"start":{"line":80,"column":6},"end":{"line":80,"column":41}}},"fnMap":{"0":{"name":"loginRequest","decl":{"start":{"line":13,"column":9},"end":{"line":13,"column":21}},"loc":{"start":{"line":13,"column":24},"end":{"line":17,"column":1}}},"1":{"name":"loginRequestSuccess","decl":{"start":{"line":19,"column":9},"end":{"line":19,"column":28}},"loc":{"start":{"line":19,"column":35},"end":{"line":24,"column":1}}},"2":{"name":"loginRequestFailed","decl":{"start":{"line":26,"column":9},"end":{"line":26,"column":27}},"loc":{"start":{"line":26,"column":35},"end":{"line":31,"column":1}}},"3":{"name":"signInReducer","decl":{"start":{"line":41,"column":16},"end":{"line":41,"column":29}},"loc":{"start":{"line":41,"column":61},"end":{"line":66,"column":1}}},"4":{"name":"login","decl":{"start":{"line":71,"column":16},"end":{"line":71,"column":21}},"loc":{"start":{"line":71,"column":39},"end":{"line":83,"column":1}}},"5":{"name":"(anonymous_5)","decl":{"start":{"line":72,"column":9},"end":{"line":72,"column":10}},"loc":{"start":{"line":72,"column":33},"end":{"line":82,"column":3}}},"6":{"name":"(anonymous_6)","decl":{"start":{"line":75,"column":10},"end":{"line":75,"column":11}},"loc":{"start":{"line":75,"column":18},"end":{"line":77,"column":5}}},"7":{"name":"(anonymous_7)","decl":{"start":{"line":78,"column":11},"end":{"line":78,"column":12}},"loc":{"start":{"line":78,"column":20},"end":{"line":81,"column":5}}}},"branchMap":{"0":{"loc":{"start":{"line":41,"column":30},"end":{"line":41,"column":51}},"type":"default-arg","locations":[{"start":{"line":41,"column":38},"end":{"line":41,"column":51}}]},"1":{"loc":{"start":{"line":42,"column":2},"end":{"line":65,"column":3}},"type":"switch","locations":[{"start":{"line":43,"column":4},"end":{"line":48,"column":5}},{"start":{"line":49,"column":2},"end":{"line":55,"column":5}},{"start":{"line":56,"column":2},"end":{"line":62,"column":5}},{"start":{"line":63,"column":2},"end":{"line":64,"column":19}}]}},"s":{"0":1,"1":1,"2":1,"3":0,"4":0,"5":0,"6":1,"7":0,"8":0,"9":0,"10":0,"11":0,"12":0,"13":0,"14":0,"15":0,"16":0,"17":0,"18":0},"f":{"0":0,"1":0,"2":0,"3":0,"4":0,"5":0,"6":0,"7":0},"b":{"0":[0],"1":[0,0,0,0]},"_coverageSchema":"332fd63041d2c1bcb487cc26dd0d5f7d97098a6c","hash":"418f8402664eb2c51b068e7f5653b467da8cee33"}
}
