TN:
SF:/Users/hung.phamtan/Documents/sources/ReactNative/react-native-practice1/jest/setup.js
FN:1,(anonymous_0)
FNF:1
FNH:1
FNDA:1,(anonymous_0)
DA:1,3
DA:2,1
LF:2
LH:2
BRF:0
BRH:0
end_of_record
TN:
SF:/Users/hung.phamtan/Documents/sources/ReactNative/react-native-practice1/src/components/CircleImageView/CircleImageView.js
FN:12,(anonymous_0)
FNF:1
FNH:1
FNDA:1,(anonymous_0)
DA:13,1
DA:24,2
LF:2
LH:2
BRF:0
BRH:0
end_of_record
TN:
SF:/Users/hung.phamtan/Documents/sources/ReactNative/react-native-practice1/src/components/CustomTextInput/CustomTextInput.js
FN:17,(anonymous_0)
FNF:1
FNH:1
FNDA:2,(anonymous_0)
DA:18,2
DA:36,2
DA:40,2
LF:3
LH:3
BRDA:29,0,0,1
BRDA:29,0,1,1
BRF:2
BRH:2
end_of_record
TN:
SF:/Users/hung.phamtan/Documents/sources/ReactNative/react-native-practice1/src/config/applicationStyle.js
FNF:0
FNH:0
DA:8,2
LF:1
LH:1
BRF:0
BRH:0
end_of_record
TN:
SF:/Users/hung.phamtan/Documents/sources/ReactNative/react-native-practice1/src/config/colors.js
FNF:0
FNH:0
DA:1,2
LF:1
LH:1
BRF:0
BRH:0
end_of_record
TN:
SF:/Users/hung.phamtan/Documents/sources/ReactNative/react-native-practice1/src/config/metrics.js
FNF:0
FNH:0
DA:6,2
DA:8,2
LF:2
LH:2
BRDA:17,0,0,2
BRDA:17,0,1,0
BRDA:18,1,0,2
BRDA:18,1,1,0
BRDA:19,2,0,2
BRDA:19,2,1,0
BRF:6
BRH:3
end_of_record
TN:
SF:/Users/hung.phamtan/Documents/sources/ReactNative/react-native-practice1/src/containers/SignIn.js
FN:29,(anonymous_0)
FN:40,(anonymous_1)
FN:47,(anonymous_2)
FN:51,(anonymous_3)
FN:69,(anonymous_4)
FN:85,(anonymous_5)
FN:90,(anonymous_6)
FN:127,mapStateToProps
FN:136,mapDispatchToProps
FN:138,(anonymous_9)
FNF:10
FNH:2
FNDA:0,(anonymous_0)
FNDA:0,(anonymous_1)
FNDA:0,(anonymous_2)
FNDA:0,(anonymous_3)
FNDA:0,(anonymous_4)
FNDA:0,(anonymous_5)
FNDA:0,(anonymous_6)
FNDA:1,mapStateToProps
FNDA:1,mapDispatchToProps
FNDA:0,(anonymous_9)
DA:30,0
DA:31,0
DA:36,0
DA:37,0
DA:41,0
DA:48,0
DA:52,0
DA:53,0
DA:60,0
DA:70,0
DA:71,0
DA:73,0
DA:85,0
DA:90,0
DA:119,1
DA:128,1
DA:137,1
DA:138,0
DA:141,1
DA:147,1
LF:20
LH:5
BRDA:52,0,0,0
BRDA:52,0,1,0
BRDA:70,1,0,0
BRDA:70,1,1,0
BRF:4
BRH:0
end_of_record
TN:
SF:/Users/hung.phamtan/Documents/sources/ReactNative/react-native-practice1/src/network/AuthenticationService.js
FN:5,(anonymous_0)
FN:10,(anonymous_1)
FN:15,(anonymous_2)
FN:34,(anonymous_3)
FN:41,(anonymous_4)
FNF:5
FNH:0
FNDA:0,(anonymous_0)
FNDA:0,(anonymous_1)
FNDA:0,(anonymous_2)
FNDA:0,(anonymous_3)
FNDA:0,(anonymous_4)
DA:1,1
DA:6,0
DA:7,0
DA:11,0
DA:12,0
DA:16,0
DA:17,0
DA:18,0
DA:19,0
DA:20,0
DA:21,0
DA:25,0
DA:29,0
DA:30,0
DA:32,0
DA:33,0
DA:35,0
DA:36,0
DA:38,0
DA:39,0
DA:42,0
DA:43,0
DA:45,0
LF:23
LH:1
BRDA:20,0,0,0
BRDA:20,0,1,0
BRDA:29,1,0,0
BRDA:29,1,1,0
BRDA:35,2,0,0
BRDA:35,2,1,0
BRDA:42,3,0,0
BRDA:42,3,1,0
BRF:8
BRH:0
end_of_record
TN:
SF:/Users/hung.phamtan/Documents/sources/ReactNative/react-native-practice1/src/redux/signin.js
FN:13,loginRequest
FN:19,loginRequestSuccess
FN:26,loginRequestFailed
FN:41,signInReducer
FN:71,login
FN:72,(anonymous_5)
FN:75,(anonymous_6)
FN:78,(anonymous_7)
FNF:8
FNH:0
FNDA:0,loginRequest
FNDA:0,loginRequestSuccess
FNDA:0,loginRequestFailed
FNDA:0,signInReducer
FNDA:0,login
FNDA:0,(anonymous_5)
FNDA:0,(anonymous_6)
FNDA:0,(anonymous_7)
DA:6,1
DA:7,1
DA:8,1
DA:14,0
DA:20,0
DA:27,0
DA:36,1
DA:42,0
DA:44,0
DA:50,0
DA:57,0
DA:58,0
DA:64,0
DA:72,0
DA:73,0
DA:74,0
DA:76,0
DA:79,0
DA:80,0
LF:19
LH:4
BRDA:41,0,0,0
BRDA:42,1,0,0
BRDA:42,1,1,0
BRDA:42,1,2,0
BRDA:42,1,3,0
BRF:5
BRH:0
end_of_record
